<?xml version="1.0" encoding="UTF-8"?>
<!-- Generated by org.testng.reporters.JUnitXMLReporter -->
<testsuite ignored="2" hostname="LAPTOP-LPR232VR" failures="0" tests="1" name="Default test" time="32.367" errors="0" timestamp="2024-06-28T11:07:12 IST">
  <testcase classname="com.comcast.crm.contacttest.CreateContactTest" name="CreateContactWithOrgIntegTest" time="22.501"/>
  <testcase classname="com.comcast.crm.contacttest.CreateContactTest" name="createContactWithSupportDateTest" time="0.0">
    <ignored/>
  </testcase> <!-- createContactWithSupportDateTest -->
  <testcase classname="com.comcast.crm.contacttest.CreateContactTest" name="createContactTest" time="0.0">
    <ignored/>
  </testcase> <!-- createContactTest -->
</testsuite> <!-- Default test -->
