<?xml version="1.0" encoding="UTF-8"?>
<testng-results ignored="0" total="1" passed="1" failed="0" skipped="0">
  <reporter-output>
  </reporter-output>
  <suite started-at="2024-06-28T11:06:39 IST" name="Default suite" finished-at="2024-06-28T11:07:12 IST" duration-ms="32367">
    <groups>
      <group name="regressionTest">
        <method signature="CreateContactTest.CreateContactWithOrgIntegTest()[pri:0, instance:com.comcast.crm.contacttest.CreateContactTest@2638011]" name="CreateContactWithOrgIntegTest" class="com.comcast.crm.contacttest.CreateContactTest"/>
      </group> <!-- regressionTest -->
    </groups>
    <test started-at="2024-06-28T11:06:39 IST" name="Default test" finished-at="2024-06-28T11:07:12 IST" duration-ms="32367">
      <class name="com.comcast.crm.contacttest.CreateContactTest">
        <test-method is-config="true" signature="configBS()[pri:0, instance:com.comcast.crm.contacttest.CreateContactTest@2638011]" started-at="2024-06-28T11:06:39 IST" name="configBS" finished-at="2024-06-28T11:06:39 IST" duration-ms="320" status="PASS">
          <reporter-output>
          </reporter-output>
        </test-method> <!-- configBS -->
        <test-method is-config="true" signature="configBC()[pri:0, instance:com.comcast.crm.contacttest.CreateContactTest@2638011]" started-at="2024-06-28T11:06:39 IST" name="configBC" finished-at="2024-06-28T11:06:42 IST" duration-ms="2892" status="PASS">
          <reporter-output>
          </reporter-output>
        </test-method> <!-- configBC -->
        <test-method is-config="true" signature="congifBM()[pri:0, instance:com.comcast.crm.contacttest.CreateContactTest@2638011]" started-at="2024-06-28T11:06:42 IST" name="congifBM" finished-at="2024-06-28T11:06:46 IST" duration-ms="3319" status="PASS">
          <reporter-output>
          </reporter-output>
        </test-method> <!-- congifBM -->
        <test-method signature="CreateContactWithOrgIntegTest()[pri:0, instance:com.comcast.crm.contacttest.CreateContactTest@2638011]" started-at="2024-06-28T11:06:46 IST" name="CreateContactWithOrgIntegTest" finished-at="2024-06-28T11:07:08 IST" duration-ms="22501" status="PASS">
          <reporter-output>
          </reporter-output>
        </test-method> <!-- CreateContactWithOrgIntegTest -->
        <test-method is-config="true" signature="configAM()[pri:0, instance:com.comcast.crm.contacttest.CreateContactTest@2638011]" started-at="2024-06-28T11:07:08 IST" name="configAM" finished-at="2024-06-28T11:07:09 IST" duration-ms="1199" status="PASS">
          <reporter-output>
          </reporter-output>
        </test-method> <!-- configAM -->
        <test-method is-config="true" signature="configAC()[pri:0, instance:com.comcast.crm.contacttest.CreateContactTest@2638011]" started-at="2024-06-28T11:07:09 IST" name="configAC" finished-at="2024-06-28T11:07:12 IST" duration-ms="2404" status="PASS">
          <reporter-output>
          </reporter-output>
        </test-method> <!-- configAC -->
        <test-method is-config="true" signature="configAS()[pri:0, instance:com.comcast.crm.contacttest.CreateContactTest@2638011]" started-at="2024-06-28T11:07:12 IST" name="configAS" finished-at="2024-06-28T11:07:12 IST" duration-ms="0" status="PASS">
          <reporter-output>
          </reporter-output>
        </test-method> <!-- configAS -->
      </class> <!-- com.comcast.crm.contacttest.CreateContactTest -->
    </test> <!-- Default test -->
  </suite> <!-- Default suite -->
</testng-results>
